### Running ./prime-or-composite.py 37 ###

.. arranging 37 in 2 columns:
  1 o o 
  2 o o 
  3 o o 
  4 o o 
  5 o o 
  6 o o 
  7 o o 
  8 o o 
  9 o o 
 10 o o 
 11 o o 
 12 o o 
 13 o o 
 14 o o 
 15 o o 
 16 o o 
 17 o o 
 18 o o 
    * 
==> 37 = 2 cols x 18 rows + 1 remaining

.. arranging 37 in 3 columns:
  1 o o o 
  2 o o o 
  3 o o o 
  4 o o o 
  5 o o o 
  6 o o o 
  7 o o o 
  8 o o o 
  9 o o o 
 10 o o o 
 11 o o o 
 12 o o o 
    * 
==> 37 = 3 cols x 12 rows + 1 remaining

.. arranging 37 in 4 columns:
  1 o o o o 
  2 o o o o 
  3 o o o o 
  4 o o o o 
  5 o o o o 
  6 o o o o 
  7 o o o o 
  8 o o o o 
  9 o o o o 
    * 
==> 37 = 4 cols x 9 rows + 1 remaining

.. arranging 37 in 5 columns:
  1 o o o o o 
  2 o o o o o 
  3 o o o o o 
  4 o o o o o 
  5 o o o o o 
  6 o o o o o 
  7 o o o o o 
    * * 
==> 37 = 5 cols x 7 rows + 2 remaining

.. arranging 37 in 6 columns:
  1 o o o o o o 
  2 o o o o o o 
  3 o o o o o o 
  4 o o o o o o 
  5 o o o o o o 
  6 o o o o o o 
    * 
==> 37 = 6 cols x 6 rows + 1 remaining

## We are DONE! ##########################################################
   ... since 7 * 7 > 37
   ... and we have a WIDE rectangle with 7 cols > 5 rows:
  1 o o o o o o o 
  2 o o o o o o o 
  3 o o o o o o o 
  4 o o o o o o o 
  5 o o o o o o o 
    * * 
  [ 37 = 7 cols x 5 rows + 2 remaining ]

##########################################################################
Using 5 trial divisors, PROVED ONCE ==> 37 is PRIME!
Q.E.D.
