### Running ./prime-or-composite.py 29 ###

.. arranging 29 in 2 columns:
  1 o o 
  2 o o 
  3 o o 
  4 o o 
  5 o o 
  6 o o 
  7 o o 
  8 o o 
  9 o o 
 10 o o 
 11 o o 
 12 o o 
 13 o o 
 14 o o 
    * 
==> 29 = 2 cols x 14 rows + 1 remaining

.. arranging 29 in 3 columns:
  1 o o o 
  2 o o o 
  3 o o o 
  4 o o o 
  5 o o o 
  6 o o o 
  7 o o o 
  8 o o o 
  9 o o o 
    * * 
==> 29 = 3 cols x 9 rows + 2 remaining

.. arranging 29 in 4 columns:
  1 o o o o 
  2 o o o o 
  3 o o o o 
  4 o o o o 
  5 o o o o 
  6 o o o o 
  7 o o o o 
    * 
==> 29 = 4 cols x 7 rows + 1 remaining

.. arranging 29 in 5 columns:
  1 o o o o o 
  2 o o o o o 
  3 o o o o o 
  4 o o o o o 
  5 o o o o o 
    * * * * 
==> 29 = 5 cols x 5 rows + 4 remaining

## We are DONE! ##########################################################
   ... since 6 * 6 > 29
   ... and we have a WIDE rectangle with 6 cols > 4 rows:
  1 o o o o o o 
  2 o o o o o o 
  3 o o o o o o 
  4 o o o o o o 
    * * * * * 
  [ 29 = 6 cols x 4 rows + 5 remaining ]

##########################################################################
Using 4 trial divisors, PROVED ONCE ==> 29 is PRIME!
Q.E.D.
