### Running ./prime-or-composite.py 17 ###

.. arranging 17 in 2 columns:
  1 o o 
  2 o o 
  3 o o 
  4 o o 
  5 o o 
  6 o o 
  7 o o 
  8 o o 
    * 
==> 17 = 2 cols x 8 rows + 1 remaining

.. arranging 17 in 3 columns:
  1 o o o 
  2 o o o 
  3 o o o 
  4 o o o 
  5 o o o 
    * * 
==> 17 = 3 cols x 5 rows + 2 remaining

.. arranging 17 in 4 columns:
  1 o o o o 
  2 o o o o 
  3 o o o o 
  4 o o o o 
    * 
==> 17 = 4 cols x 4 rows + 1 remaining

## We are DONE! ##########################################################
   ... since 5 * 5 > 17
   ... and we have a WIDE rectangle with 5 cols > 3 rows:
  1 o o o o o 
  2 o o o o o 
  3 o o o o o 
    * * 
  [ 17 = 5 cols x 3 rows + 2 remaining ]

##########################################################################
Using 3 trial divisors, PROVED ONCE ==> 17 is PRIME!
Q.E.D.
