### Running ./prime-or-composite.py 9 ###

.. arranging 9 in 2 columns:
  1 o o 
  2 o o 
  3 o o 
  4 o o 
    * 
==> 9 = 2 cols x 4 rows + 1 remaining

.. arranging 9 in 3 columns:
  1 o o o 
  2 o o o 
  3 o o o 
==> 9 = 3 cols * 3 rows; PROVED 9 is COMPOSITE -----------------------------

## We are DONE! ##########################################################
   ... since 4 * 4 > 9
   ... and we have a WIDE rectangle with 4 cols > 2 rows:
  1 o o o o 
  2 o o o o 
    * 
  [ 9 = 4 cols x 2 rows + 1 remaining ]

##########################################################################
Using 2 trial divisors, proved 1 times over that 9 is COMPOSITE!
Q.E.D.
