### Running ./prime-or-composite.py 34 ###

.. arranging 34 in 2 columns:
  1 o o 
  2 o o 
  3 o o 
  4 o o 
  5 o o 
  6 o o 
  7 o o 
  8 o o 
  9 o o 
 10 o o 
 11 o o 
 12 o o 
 13 o o 
 14 o o 
 15 o o 
 16 o o 
 17 o o 
==> 34 = 2 cols * 17 rows; PROVED 34 is COMPOSITE -----------------------------

.. arranging 34 in 3 columns:
  1 o o o 
  2 o o o 
  3 o o o 
  4 o o o 
  5 o o o 
  6 o o o 
  7 o o o 
  8 o o o 
  9 o o o 
 10 o o o 
 11 o o o 
    * 
==> 34 = 3 cols x 11 rows + 1 remaining

.. arranging 34 in 4 columns:
  1 o o o o 
  2 o o o o 
  3 o o o o 
  4 o o o o 
  5 o o o o 
  6 o o o o 
  7 o o o o 
  8 o o o o 
    * * 
==> 34 = 4 cols x 8 rows + 2 remaining

.. arranging 34 in 5 columns:
  1 o o o o o 
  2 o o o o o 
  3 o o o o o 
  4 o o o o o 
  5 o o o o o 
  6 o o o o o 
    * * * * 
==> 34 = 5 cols x 6 rows + 4 remaining

## We are DONE! ##########################################################
   ... since 6 * 6 > 34
   ... and we have a WIDE rectangle with 6 cols > 5 rows:
  1 o o o o o o 
  2 o o o o o o 
  3 o o o o o o 
  4 o o o o o o 
  5 o o o o o o 
    * * * * 
  [ 34 = 6 cols x 5 rows + 4 remaining ]

##########################################################################
Using 4 trial divisors, proved 1 times over that 34 is COMPOSITE!
Q.E.D.
