### Running ./prime-or-composite.py 30 ###

  1 ..
  2 ..
  3 ..
  4 ..
  5 ..
  6 ..
  7 ..
  8 ..
  9 ..
 10 ..
 11 ..
 12 ..
 13 ..
 14 ..
 15 ..
[ 30 = 15 * _2_ ] PROVED COMPOSITE

  1 ...
  2 ...
  3 ...
  4 ...
  5 ...
  6 ...
  7 ...
  8 ...
  9 ...
 10 ...
[ 30 = 10 * _3_ ] PROVED COMPOSITE

  1 ....
  2 ....
  3 ....
  4 ....
  5 ....
  6 ....
  7 ....
    **
[ 30 = 7 * _4_ + 2 ]

  1 .....
  2 .....
  3 .....
  4 .....
  5 .....
  6 .....
[ 30 = 6 * _5_ ] PROVED COMPOSITE

Using 4 trial divisons, PROVED that 30 is COMPOSITE, 3 times over.
