### Running ./prime-or-composite.py 21 ###

.. arranging 21 in 2 columns:
  1 o o 
  2 o o 
  3 o o 
  4 o o 
  5 o o 
  6 o o 
  7 o o 
  8 o o 
  9 o o 
 10 o o 
    * 
==> 21 = 2 cols x 10 rows + 1 remaining

.. arranging 21 in 3 columns:
  1 o o o 
  2 o o o 
  3 o o o 
  4 o o o 
  5 o o o 
  6 o o o 
  7 o o o 
==> 21 = 3 cols * 7 rows; PROVED 21 is COMPOSITE -----------------------------

.. arranging 21 in 4 columns:
  1 o o o o 
  2 o o o o 
  3 o o o o 
  4 o o o o 
  5 o o o o 
    * 
==> 21 = 4 cols x 5 rows + 1 remaining

## We are DONE! ##########################################################
   ... since 5 * 5 > 21
   ... and we have a WIDE rectangle with 5 cols > 4 rows:
  1 o o o o o 
  2 o o o o o 
  3 o o o o o 
  4 o o o o o 
    * 
  [ 21 = 5 cols x 4 rows + 1 remaining ]

##########################################################################
Using 3 trial divisors, proved 1 times over that 21 is COMPOSITE!
Q.E.D.
