### Running ./prime-or-composite.py 36 ###

.. arranging 36 in 2 columns:
  1 o o 
  2 o o 
  3 o o 
  4 o o 
  5 o o 
  6 o o 
  7 o o 
  8 o o 
  9 o o 
 10 o o 
 11 o o 
 12 o o 
 13 o o 
 14 o o 
 15 o o 
 16 o o 
 17 o o 
 18 o o 
==> 36 = 2 cols * 18 rows; PROVED 36 is COMPOSITE -----------------------------

.. arranging 36 in 3 columns:
  1 o o o 
  2 o o o 
  3 o o o 
  4 o o o 
  5 o o o 
  6 o o o 
  7 o o o 
  8 o o o 
  9 o o o 
 10 o o o 
 11 o o o 
 12 o o o 
==> 36 = 3 cols * 12 rows; PROVED 36 is COMPOSITE -----------------------------

.. arranging 36 in 4 columns:
  1 o o o o 
  2 o o o o 
  3 o o o o 
  4 o o o o 
  5 o o o o 
  6 o o o o 
  7 o o o o 
  8 o o o o 
  9 o o o o 
==> 36 = 4 cols * 9 rows; PROVED 36 is COMPOSITE -----------------------------

.. arranging 36 in 5 columns:
  1 o o o o o 
  2 o o o o o 
  3 o o o o o 
  4 o o o o o 
  5 o o o o o 
  6 o o o o o 
  7 o o o o o 
    * 
==> 36 = 5 cols x 7 rows + 1 remaining

.. arranging 36 in 6 columns:
  1 o o o o o o 
  2 o o o o o o 
  3 o o o o o o 
  4 o o o o o o 
  5 o o o o o o 
  6 o o o o o o 
==> 36 = 6 cols * 6 rows; PROVED 36 is COMPOSITE -----------------------------

## We are DONE! ##########################################################
   ... since 7 * 7 > 36
   ... and we have a WIDE rectangle with 7 cols > 5 rows:
  1 o o o o o o o 
  2 o o o o o o o 
  3 o o o o o o o 
  4 o o o o o o o 
  5 o o o o o o o 
    * 
  [ 36 = 7 cols x 5 rows + 1 remaining ]

##########################################################################
Using 5 trial divisors, proved 4 times over that 36 is COMPOSITE!
Q.E.D.
