### Running ./prime-or-composite.py 13 ###

.. arranging 13 in 2 columns:
  1 o o 
  2 o o 
  3 o o 
  4 o o 
  5 o o 
  6 o o 
    * 
==> 13 = 2 cols x 6 rows + 1 remaining

.. arranging 13 in 3 columns:
  1 o o o 
  2 o o o 
  3 o o o 
  4 o o o 
    * 
==> 13 = 3 cols x 4 rows + 1 remaining

## We are DONE! ##########################################################
   ... since 4 * 4 > 13
   ... and we have a WIDE rectangle with 4 cols > 3 rows:
  1 o o o o 
  2 o o o o 
  3 o o o o 
    * 
  [ 13 = 4 cols x 3 rows + 1 remaining ]

##########################################################################
Using 2 trial divisors, PROVED ONCE ==> 13 is PRIME!
Q.E.D.
