### Running ./prime-or-composite.py 22 ###

.. arranging 22 in 2 columns:
  1 o o 
  2 o o 
  3 o o 
  4 o o 
  5 o o 
  6 o o 
  7 o o 
  8 o o 
  9 o o 
 10 o o 
 11 o o 
==> 22 = 2 cols * 11 rows; PROVED 22 is COMPOSITE -----------------------------

.. arranging 22 in 3 columns:
  1 o o o 
  2 o o o 
  3 o o o 
  4 o o o 
  5 o o o 
  6 o o o 
  7 o o o 
    * 
==> 22 = 3 cols x 7 rows + 1 remaining

.. arranging 22 in 4 columns:
  1 o o o o 
  2 o o o o 
  3 o o o o 
  4 o o o o 
  5 o o o o 
    * * 
==> 22 = 4 cols x 5 rows + 2 remaining

## We are DONE! ##########################################################
   ... since 5 * 5 > 22
   ... and we have a WIDE rectangle with 5 cols > 4 rows:
  1 o o o o o 
  2 o o o o o 
  3 o o o o o 
  4 o o o o o 
    * * 
  [ 22 = 5 cols x 4 rows + 2 remaining ]

##########################################################################
Using 3 trial divisors, proved 1 times over that 22 is COMPOSITE!
Q.E.D.
