### Running ./prime-or-composite.py 14 ###

.. arranging 14 in 2 columns:
  1 o o 
  2 o o 
  3 o o 
  4 o o 
  5 o o 
  6 o o 
  7 o o 
==> 14 = 2 cols * 7 rows; PROVED 14 is COMPOSITE -----------------------------

.. arranging 14 in 3 columns:
  1 o o o 
  2 o o o 
  3 o o o 
  4 o o o 
    * * 
==> 14 = 3 cols x 4 rows + 2 remaining

## We are DONE! ##########################################################
   ... since 4 * 4 > 14
   ... and we have a WIDE rectangle with 4 cols > 3 rows:
  1 o o o o 
  2 o o o o 
  3 o o o o 
    * * 
  [ 14 = 4 cols x 3 rows + 2 remaining ]

##########################################################################
Using 2 trial divisors, proved 1 times over that 14 is COMPOSITE!
Q.E.D.
