### Running ./prime-or-composite.py 31 ###

  1 ..
  2 ..
  3 ..
  4 ..
  5 ..
  6 ..
  7 ..
  8 ..
  9 ..
 10 ..
 11 ..
 12 ..
 13 ..
 14 ..
 15 ..
    *
[ 31 = 15 * _2_ + 1 ]

  1 ...
  2 ...
  3 ...
  4 ...
  5 ...
  6 ...
  7 ...
  8 ...
  9 ...
 10 ...
    *
[ 31 = 10 * _3_ + 1 ]

  1 ....
  2 ....
  3 ....
  4 ....
  5 ....
  6 ....
  7 ....
    ***
[ 31 = 7 * _4_ + 3 ]

  1 .....
  2 .....
  3 .....
  4 .....
  5 .....
  6 .....
    *
[ 31 = 6 * _5_ + 1 ]

Using 4 trial divisons, PROVED that 31 is PRIME!
