### Running ./prime-or-composite.py 26 ###

.. arranging 26 in 2 columns:
  1 o o 
  2 o o 
  3 o o 
  4 o o 
  5 o o 
  6 o o 
  7 o o 
  8 o o 
  9 o o 
 10 o o 
 11 o o 
 12 o o 
 13 o o 
==> 26 = 2 cols * 13 rows; PROVED 26 is COMPOSITE -----------------------------

.. arranging 26 in 3 columns:
  1 o o o 
  2 o o o 
  3 o o o 
  4 o o o 
  5 o o o 
  6 o o o 
  7 o o o 
  8 o o o 
    * * 
==> 26 = 3 cols x 8 rows + 2 remaining

.. arranging 26 in 4 columns:
  1 o o o o 
  2 o o o o 
  3 o o o o 
  4 o o o o 
  5 o o o o 
  6 o o o o 
    * * 
==> 26 = 4 cols x 6 rows + 2 remaining

.. arranging 26 in 5 columns:
  1 o o o o o 
  2 o o o o o 
  3 o o o o o 
  4 o o o o o 
  5 o o o o o 
    * 
==> 26 = 5 cols x 5 rows + 1 remaining

## We are DONE! ##########################################################
   ... since 6 * 6 > 26
   ... and we have a WIDE rectangle with 6 cols > 4 rows:
  1 o o o o o o 
  2 o o o o o o 
  3 o o o o o o 
  4 o o o o o o 
    * * 
  [ 26 = 6 cols x 4 rows + 2 remaining ]

##########################################################################
Using 4 trial divisors, proved 1 times over that 26 is COMPOSITE!
Q.E.D.
