### Running ./prime-or-composite.py 27 ###

.. arranging 27 in 2 columns:
  1 o o 
  2 o o 
  3 o o 
  4 o o 
  5 o o 
  6 o o 
  7 o o 
  8 o o 
  9 o o 
 10 o o 
 11 o o 
 12 o o 
 13 o o 
    * 
==> 27 = 2 cols x 13 rows + 1 remaining

.. arranging 27 in 3 columns:
  1 o o o 
  2 o o o 
  3 o o o 
  4 o o o 
  5 o o o 
  6 o o o 
  7 o o o 
  8 o o o 
  9 o o o 
==> 27 = 3 cols * 9 rows; PROVED 27 is COMPOSITE -----------------------------

.. arranging 27 in 4 columns:
  1 o o o o 
  2 o o o o 
  3 o o o o 
  4 o o o o 
  5 o o o o 
  6 o o o o 
    * * * 
==> 27 = 4 cols x 6 rows + 3 remaining

.. arranging 27 in 5 columns:
  1 o o o o o 
  2 o o o o o 
  3 o o o o o 
  4 o o o o o 
  5 o o o o o 
    * * 
==> 27 = 5 cols x 5 rows + 2 remaining

## We are DONE! ##########################################################
   ... since 6 * 6 > 27
   ... and we have a WIDE rectangle with 6 cols > 4 rows:
  1 o o o o o o 
  2 o o o o o o 
  3 o o o o o o 
  4 o o o o o o 
    * * * 
  [ 27 = 6 cols x 4 rows + 3 remaining ]

##########################################################################
Using 4 trial divisors, proved 1 times over that 27 is COMPOSITE!
Q.E.D.
