### Running ./prime-or-composite.py 11 ###

.. arranging 11 in 2 columns:
  1 o o 
  2 o o 
  3 o o 
  4 o o 
  5 o o 
    * 
==> 11 = 2 cols x 5 rows + 1 remaining

.. arranging 11 in 3 columns:
  1 o o o 
  2 o o o 
  3 o o o 
    * * 
==> 11 = 3 cols x 3 rows + 2 remaining

## We are DONE! ##########################################################
   ... since 4 * 4 > 11
   ... and we have a WIDE rectangle with 4 cols > 2 rows:
  1 o o o o 
  2 o o o o 
    * * * 
  [ 11 = 4 cols x 2 rows + 3 remaining ]

##########################################################################
Using 2 trial divisors, PROVED ONCE ==> 11 is PRIME!
Q.E.D.
