### Running ./prime-or-composite.py 35 ###

.. arranging 35 in 2 columns:
  1 o o 
  2 o o 
  3 o o 
  4 o o 
  5 o o 
  6 o o 
  7 o o 
  8 o o 
  9 o o 
 10 o o 
 11 o o 
 12 o o 
 13 o o 
 14 o o 
 15 o o 
 16 o o 
 17 o o 
    * 
==> 35 = 2 cols x 17 rows + 1 remaining

.. arranging 35 in 3 columns:
  1 o o o 
  2 o o o 
  3 o o o 
  4 o o o 
  5 o o o 
  6 o o o 
  7 o o o 
  8 o o o 
  9 o o o 
 10 o o o 
 11 o o o 
    * * 
==> 35 = 3 cols x 11 rows + 2 remaining

.. arranging 35 in 4 columns:
  1 o o o o 
  2 o o o o 
  3 o o o o 
  4 o o o o 
  5 o o o o 
  6 o o o o 
  7 o o o o 
  8 o o o o 
    * * * 
==> 35 = 4 cols x 8 rows + 3 remaining

.. arranging 35 in 5 columns:
  1 o o o o o 
  2 o o o o o 
  3 o o o o o 
  4 o o o o o 
  5 o o o o o 
  6 o o o o o 
  7 o o o o o 
==> 35 = 5 cols * 7 rows; PROVED 35 is COMPOSITE -----------------------------

## We are DONE! ##########################################################
   ... since 6 * 6 > 35
   ... and we have a WIDE rectangle with 6 cols > 5 rows:
  1 o o o o o o 
  2 o o o o o o 
  3 o o o o o o 
  4 o o o o o o 
  5 o o o o o o 
    * * * * * 
  [ 35 = 6 cols x 5 rows + 5 remaining ]

##########################################################################
Using 4 trial divisors, proved 1 times over that 35 is COMPOSITE!
Q.E.D.
