### Running ./prime-or-composite.py 32 ###

.. arranging 32 in 2 columns:
  1 o o 
  2 o o 
  3 o o 
  4 o o 
  5 o o 
  6 o o 
  7 o o 
  8 o o 
  9 o o 
 10 o o 
 11 o o 
 12 o o 
 13 o o 
 14 o o 
 15 o o 
 16 o o 
==> 32 = 2 cols * 16 rows; PROVED 32 is COMPOSITE -----------------------------

.. arranging 32 in 3 columns:
  1 o o o 
  2 o o o 
  3 o o o 
  4 o o o 
  5 o o o 
  6 o o o 
  7 o o o 
  8 o o o 
  9 o o o 
 10 o o o 
    * * 
==> 32 = 3 cols x 10 rows + 2 remaining

.. arranging 32 in 4 columns:
  1 o o o o 
  2 o o o o 
  3 o o o o 
  4 o o o o 
  5 o o o o 
  6 o o o o 
  7 o o o o 
  8 o o o o 
==> 32 = 4 cols * 8 rows; PROVED 32 is COMPOSITE -----------------------------

.. arranging 32 in 5 columns:
  1 o o o o o 
  2 o o o o o 
  3 o o o o o 
  4 o o o o o 
  5 o o o o o 
  6 o o o o o 
    * * 
==> 32 = 5 cols x 6 rows + 2 remaining

## We are DONE! ##########################################################
   ... since 6 * 6 > 32
   ... and we have a WIDE rectangle with 6 cols > 5 rows:
  1 o o o o o o 
  2 o o o o o o 
  3 o o o o o o 
  4 o o o o o o 
  5 o o o o o o 
    * * 
  [ 32 = 6 cols x 5 rows + 2 remaining ]

##########################################################################
Using 4 trial divisors, proved 2 times over that 32 is COMPOSITE!
Q.E.D.
