### Running ./prime-or-composite.py 19 ###

.. arranging 19 in 2 columns:
  1 o o 
  2 o o 
  3 o o 
  4 o o 
  5 o o 
  6 o o 
  7 o o 
  8 o o 
  9 o o 
    * 
==> 19 = 2 cols x 9 rows + 1 remaining

.. arranging 19 in 3 columns:
  1 o o o 
  2 o o o 
  3 o o o 
  4 o o o 
  5 o o o 
  6 o o o 
    * 
==> 19 = 3 cols x 6 rows + 1 remaining

.. arranging 19 in 4 columns:
  1 o o o o 
  2 o o o o 
  3 o o o o 
  4 o o o o 
    * * * 
==> 19 = 4 cols x 4 rows + 3 remaining

## We are DONE! ##########################################################
   ... since 5 * 5 > 19
   ... and we have a WIDE rectangle with 5 cols > 3 rows:
  1 o o o o o 
  2 o o o o o 
  3 o o o o o 
    * * * * 
  [ 19 = 5 cols x 3 rows + 4 remaining ]

##########################################################################
Using 3 trial divisors, PROVED ONCE ==> 19 is PRIME!
Q.E.D.
