### Running ./prime-or-composite.py 20 ###

.. arranging 20 in 2 columns:
  1 o o 
  2 o o 
  3 o o 
  4 o o 
  5 o o 
  6 o o 
  7 o o 
  8 o o 
  9 o o 
 10 o o 
==> 20 = 2 cols * 10 rows; PROVED 20 is COMPOSITE -----------------------------

.. arranging 20 in 3 columns:
  1 o o o 
  2 o o o 
  3 o o o 
  4 o o o 
  5 o o o 
  6 o o o 
    * * 
==> 20 = 3 cols x 6 rows + 2 remaining

.. arranging 20 in 4 columns:
  1 o o o o 
  2 o o o o 
  3 o o o o 
  4 o o o o 
  5 o o o o 
==> 20 = 4 cols * 5 rows; PROVED 20 is COMPOSITE -----------------------------

## We are DONE! ##########################################################
   ... since 5 * 5 > 20
   ... and we have a WIDE rectangle with 5 cols > 4 rows:
  1 o o o o o 
  2 o o o o o 
  3 o o o o o 
  4 o o o o o 
    
  [ 20 = 5 cols x 4 rows + 0 remaining ]

##########################################################################
Using 3 trial divisors, proved 2 times over that 20 is COMPOSITE!
Q.E.D.
