### Running ./prime-or-composite.py 18 ###

.. arranging 18 in 2 columns:
  1 o o 
  2 o o 
  3 o o 
  4 o o 
  5 o o 
  6 o o 
  7 o o 
  8 o o 
  9 o o 
==> 18 = 2 cols * 9 rows; PROVED 18 is COMPOSITE -----------------------------

.. arranging 18 in 3 columns:
  1 o o o 
  2 o o o 
  3 o o o 
  4 o o o 
  5 o o o 
  6 o o o 
==> 18 = 3 cols * 6 rows; PROVED 18 is COMPOSITE -----------------------------

.. arranging 18 in 4 columns:
  1 o o o o 
  2 o o o o 
  3 o o o o 
  4 o o o o 
    * * 
==> 18 = 4 cols x 4 rows + 2 remaining

## We are DONE! ##########################################################
   ... since 5 * 5 > 18
   ... and we have a WIDE rectangle with 5 cols > 3 rows:
  1 o o o o o 
  2 o o o o o 
  3 o o o o o 
    * * * 
  [ 18 = 5 cols x 3 rows + 3 remaining ]

##########################################################################
Using 3 trial divisors, proved 2 times over that 18 is COMPOSITE!
Q.E.D.
