### Running ./prime-or-composite.py 28 ###

[ 28 = 2 * 14 + 0 ]
  1 oo
  2 oo
  3 oo
  4 oo
  5 oo
  6 oo
  7 oo
  8 oo
  9 oo
 10 oo
 11 oo
 12 oo
 13 oo
 14 oo
PROVED composite: 28 = 2 * 14

[ 28 = 3 * 9 + 1 ]
  1 ooo
  2 ooo
  3 ooo
  4 ooo
  5 ooo
  6 ooo
  7 ooo
  8 ooo
  9 ooo
    *

[ 28 = 4 * 7 + 0 ]
  1 oooo
  2 oooo
  3 oooo
  4 oooo
  5 oooo
  6 oooo
  7 oooo
PROVED composite: 28 = 4 * 7

[ 28 = 5 * 5 + 3 ]
  1 ooooo
  2 ooooo
  3 ooooo
  4 ooooo
  5 ooooo
    ***

Sorry 28 is composite ..
